<?xml version="1.0" encoding="UTF-8"?>
<!-- Generated by org.testng.reporters.JUnitReportReporter -->
<testsuite hostname="MAZHICHENG" name="jhss.test.inter.TestMaster" tests="2" failures="0" timestamp="3 Jun 2016 03:37:05 GMT" time="0.117" errors="0">
  <testcase name="testModuleList" time="0.028" classname="jhss.test.inter.TestMaster"/>
  <testcase name="testRecommend" time="0.089" classname="jhss.test.inter.TestMaster"/>
</testsuite> <!-- jhss.test.inter.TestMaster -->
