<?xml version="1.0" encoding="UTF-8"?>
<!-- Generated by org.testng.reporters.JUnitReportReporter -->
<testsuite hostname="DESKTOP-6ASHP97" name="jhss.test.inter.testcases.TestMaster" tests="2" failures="0" timestamp="6 Jul 2016 09:22:40 GMT" time="0.242" errors="0">
  <testcase name="testModuleList" time="0.039" classname="jhss.test.inter.testcases.TestMaster"/>
  <testcase name="testRecommend" time="0.203" classname="jhss.test.inter.testcases.TestMaster"/>
</testsuite> <!-- jhss.test.inter.testcases.TestMaster -->
