<?xml version="1.0" encoding="UTF-8"?>
<!-- Generated by org.testng.reporters.JUnitReportReporter -->
<testsuite hostname="DESKTOP-6ASHP97" name="zbwx.test.inter.TestMaster" tests="2" failures="0" timestamp="8 Sep 2016 08:02:01 GMT" time="0.097" errors="0">
  <testcase name="testModuleList" time="0.039" classname="zbwx.test.inter.TestMaster"/>
  <testcase name="testRecommend" time="0.058" classname="zbwx.test.inter.TestMaster"/>
</testsuite> <!-- zbwx.test.inter.TestMaster -->
