<?xml version="1.0" encoding="UTF-8"?>
<!-- Generated by org.testng.reporters.JUnitReportReporter -->
<testsuite hostname="DESKTOP-6ASHP97" name="zbwx.test.inter.TestMaster" tests="2" failures="0" timestamp="24 Aug 2016 10:23:46 GMT" time="0.248" errors="0">
  <testcase name="testRecommend" time="0.189" classname="zbwx.test.inter.TestMaster"/>
  <testcase name="testModuleList" time="0.059" classname="zbwx.test.inter.TestMaster"/>
</testsuite> <!-- zbwx.test.inter.TestMaster -->
