<?xml version="1.0" encoding="UTF-8"?>
<!-- Generated by org.testng.reporters.JUnitReportReporter -->
<testsuite hostname="MAZHICHENG" name="jhss.test.inter.testcases.TestMaster" tests="2" failures="0" timestamp="12 Jun 2016 10:18:45 GMT" time="0.134" errors="0">
  <testcase name="testModuleList" time="0.063" classname="jhss.test.inter.testcases.TestMaster"/>
  <testcase name="testRecommend" time="0.071" classname="jhss.test.inter.testcases.TestMaster"/>
</testsuite> <!-- jhss.test.inter.testcases.TestMaster -->
