<?xml version="1.0" encoding="UTF-8"?>
<!-- Generated by org.testng.reporters.JUnitReportReporter -->
<testsuite hostname="DESKTOP-6ASHP97" name="zbwx.test.h5.testcases.TestLogin" tests="2" failures="0" timestamp="8 Sep 2016 08:25:52 GMT" time="0.327" errors="0">
  <testcase name="login_with_incorrect_pwd" time="0.022" classname="zbwx.test.h5.testcases.TestLogin"/>
  <testcase name="login_success" time="0.305" classname="zbwx.test.h5.testcases.TestLogin"/>
</testsuite> <!-- zbwx.test.h5.testcases.TestLogin -->
