<?xml version="1.0" encoding="UTF-8"?>
<!-- Generated by org.testng.reporters.JUnitReportReporter -->
<testsuite hostname="MAZHICHENG" name="jhss.test.inter.testcases.TestMaster" tests="2" failures="0" timestamp="3 Jun 2016 10:10:49 GMT" time="0.150" errors="0">
  <testcase name="testModuleList" time="0.034" classname="jhss.test.inter.testcases.TestMaster"/>
  <testcase name="testRecommend" time="0.116" classname="jhss.test.inter.testcases.TestMaster"/>
</testsuite> <!-- jhss.test.inter.testcases.TestMaster -->
