<?xml version="1.0" encoding="UTF-8"?>
<!-- Generated by org.testng.reporters.JUnitReportReporter -->
<testsuite hostname="DESKTOP-6ASHP97" name="zbwx.test.inter.testcases.TestMaster" tests="2" failures="0" timestamp="6 Jul 2016 09:39:11 GMT" time="0.276" errors="0">
  <testcase name="testRecommend" time="0.201" classname="zbwx.test.inter.testcases.TestMaster"/>
  <testcase name="testModuleList" time="0.075" classname="zbwx.test.inter.testcases.TestMaster"/>
</testsuite> <!-- zbwx.test.inter.testcases.TestMaster -->
