<?xml version="1.0" encoding="UTF-8"?>
<!-- Generated by org.testng.reporters.JUnitReportReporter -->
<testsuite hostname="bogon" name="zbwx.test.h5.testcases.TestLogin" tests="2" failures="0" timestamp="31 Aug 2016 13:25:20 GMT" time="0.481" errors="0">
  <testcase name="login_with_incorrect_pwd" time="0.019" classname="zbwx.test.h5.testcases.TestLogin"/>
  <testcase name="login_success" time="0.462" classname="zbwx.test.h5.testcases.TestLogin"/>
</testsuite> <!-- zbwx.test.h5.testcases.TestLogin -->
